[0.526s] Invoking command in '/home/sk/Desktop/AAV_serial_bridge': PYTHONPATH=/home/sk/Desktop/AAV_serial_bridge/build/AAV_serial_bridge/prefix_override:/usr/lib/python3/dist-packages/colcon_core/task/python/colcon_distutils_commands:/home/sk/Desktop/AAV_serial_bridge/install/AAV_serial_bridge/lib/python3.10/site-packages:${PYTHONPATH} /usr/bin/python3 -W ignore:setup.py install is deprecated -W ignore:easy_install command is deprecated setup.py egg_info --egg-base build/AAV_serial_bridge build --build-base /home/sk/Desktop/AAV_serial_bridge/build/AAV_serial_bridge/build install --record /home/sk/Desktop/AAV_serial_bridge/build/AAV_serial_bridge/install.log --single-version-externally-managed install_data
[0.735s] running egg_info
[0.736s] writing build/AAV_serial_bridge/AAV_serial_bridge.egg-info/PKG-INFO
[0.736s] writing dependency_links to build/AAV_serial_bridge/AAV_serial_bridge.egg-info/dependency_links.txt
[0.736s] writing entry points to build/AAV_serial_bridge/AAV_serial_bridge.egg-info/entry_points.txt
[0.736s] writing requirements to build/AAV_serial_bridge/AAV_serial_bridge.egg-info/requires.txt
[0.736s] writing top-level names to build/AAV_serial_bridge/AAV_serial_bridge.egg-info/top_level.txt
[0.738s] reading manifest file 'build/AAV_serial_bridge/AAV_serial_bridge.egg-info/SOURCES.txt'
[0.742s] writing manifest file 'build/AAV_serial_bridge/AAV_serial_bridge.egg-info/SOURCES.txt'
[0.742s] running build
[0.742s] running build_py
[0.742s] running install
[0.743s] running install_lib
[0.745s] running install_data
[0.745s] running install_egg_info
[0.746s] removing '/home/sk/Desktop/AAV_serial_bridge/install/AAV_serial_bridge/lib/python3.10/site-packages/AAV_serial_bridge-0.0.0-py3.10.egg-info' (and everything under it)
[0.747s] Copying build/AAV_serial_bridge/AAV_serial_bridge.egg-info to /home/sk/Desktop/AAV_serial_bridge/install/AAV_serial_bridge/lib/python3.10/site-packages/AAV_serial_bridge-0.0.0-py3.10.egg-info
[0.747s] running install_scripts
[0.766s] Installing uart_bridge script to /home/sk/Desktop/AAV_serial_bridge/install/AAV_serial_bridge/lib/AAV_serial_bridge
[0.766s] writing list of installed files to '/home/sk/Desktop/AAV_serial_bridge/build/AAV_serial_bridge/install.log'
[0.790s] Invoked command in '/home/sk/Desktop/AAV_serial_bridge' returned '0': PYTHONPATH=/home/sk/Desktop/AAV_serial_bridge/build/AAV_serial_bridge/prefix_override:/usr/lib/python3/dist-packages/colcon_core/task/python/colcon_distutils_commands:/home/sk/Desktop/AAV_serial_bridge/install/AAV_serial_bridge/lib/python3.10/site-packages:${PYTHONPATH} /usr/bin/python3 -W ignore:setup.py install is deprecated -W ignore:easy_install command is deprecated setup.py egg_info --egg-base build/AAV_serial_bridge build --build-base /home/sk/Desktop/AAV_serial_bridge/build/AAV_serial_bridge/build install --record /home/sk/Desktop/AAV_serial_bridge/build/AAV_serial_bridge/install.log --single-version-externally-managed install_data
